2022-08-22 19:46:01,224 [Worker-2: Loading available Gradle versions] INFO  o.e.b.c.i.u.g.PublishedGradleVersions - Gradle version information cache is up-to-date. Trying to read.
2022-08-22 20:24:05,139 [Worker-7: Loading available Gradle versions] INFO  o.e.b.c.i.u.g.PublishedGradleVersions - Gradle version information cache is up-to-date. Trying to read.
2022-08-24 19:41:07,910 [Worker-2: Loading available Gradle versions] INFO  o.e.b.c.i.u.g.PublishedGradleVersions - Gradle version information cache is out-of-date. Trying to update.
2022-08-25 19:30:03,288 [Worker-2: Loading available Gradle versions] INFO  o.e.b.c.i.u.g.PublishedGradleVersions - Gradle version information cache is up-to-date. Trying to read.
2022-08-29 19:13:10,976 [Worker-2: Loading available Gradle versions] INFO  o.e.b.c.i.u.g.PublishedGradleVersions - Gradle version information cache is up-to-date. Trying to read.
2022-08-29 21:57:26,029 [Worker-0: Loading available Gradle versions] INFO  o.e.b.c.i.u.g.PublishedGradleVersions - Gradle version information cache is up-to-date. Trying to read.
2022-08-29 22:23:33,510 [Worker-7: Loading available Gradle versions] INFO  o.e.b.c.i.u.g.PublishedGradleVersions - Gradle version information cache is up-to-date. Trying to read.
2022-08-29 22:27:39,338 [Worker-21: Building] INFO  o.e.m.c.i.l.LifecycleMappingFactory - Using org.maven.ide.eclipse.wtp.WarLifecycleMapping lifecycle mapping for MavenProject: JerseyLab:JerseyLab:0.0.1-SNAPSHOT @ C:\Users\Romildo\Documents\github-pc\dev-web-3\workspace-dw3\RestAPI\pom.xml.
2022-08-29 22:27:41,246 [Worker-30: Building] INFO  o.e.m.c.i.embedder.EclipseLogger - Using 'UTF-8' encoding to copy filtered resources.
2022-08-29 22:27:41,247 [Worker-30: Building] INFO  o.e.m.c.i.embedder.EclipseLogger - skip non existing resourceDirectory C:\Users\Romildo\Documents\github-pc\dev-web-3\workspace-dw3\RestAPI\src\main\resources
2022-08-29 22:27:41,249 [Worker-30: Building] INFO  o.e.m.c.i.embedder.EclipseLogger - Using 'UTF-8' encoding to copy filtered resources.
2022-08-29 22:27:41,250 [Worker-30: Building] INFO  o.e.m.c.i.embedder.EclipseLogger - skip non existing resourceDirectory C:\Users\Romildo\Documents\github-pc\dev-web-3\workspace-dw3\RestAPI\src\test\resources
2022-08-29 22:27:47,387 [Worker-25: Updating Maven Project] INFO  o.e.m.c.i.p.ProjectConfigurationManager - Update started
2022-08-29 22:27:47,719 [Worker-25: Updating Maven Project] INFO  o.e.m.c.i.l.LifecycleMappingFactory - Using org.maven.ide.eclipse.wtp.WarLifecycleMapping lifecycle mapping for MavenProject: JerseyLab:JerseyLab:0.0.1-SNAPSHOT @ C:\Users\Romildo\Documents\github-pc\dev-web-3\workspace-dw3\RestAPI\pom.xml.
2022-08-29 22:27:48,471 [Worker-25: Updating Maven Project] INFO  o.e.m.j.i.AbstractJavaProjectConfigurator - Adding source folder /RestAPI/src/main/java
2022-08-29 22:27:48,472 [Worker-25: Updating Maven Project] INFO  o.e.m.j.i.AbstractJavaProjectConfigurator - Adding source folder /RestAPI/src/test/java
2022-08-29 22:27:49,230 [Worker-25: Updating Maven Project] INFO  o.e.m.w.i.f.ResourceFilteringBuildParticipant - Cleaning filtered folder for RestAPI
2022-08-29 22:27:49,239 [Worker-25: Updating Maven Project] INFO  o.e.m.c.i.p.ProjectConfigurationManager - Update completed: 1 sec
2022-08-29 22:27:49,738 [Worker-9: Building] INFO  o.e.m.c.i.embedder.EclipseLogger - Using 'UTF-8' encoding to copy filtered resources.
2022-08-29 22:27:49,738 [Worker-9: Building] INFO  o.e.m.c.i.embedder.EclipseLogger - skip non existing resourceDirectory C:\Users\Romildo\Documents\github-pc\dev-web-3\workspace-dw3\RestAPI\src\main\resources
2022-08-29 22:27:49,741 [Worker-9: Building] INFO  o.e.m.c.i.embedder.EclipseLogger - Using 'UTF-8' encoding to copy filtered resources.
2022-08-29 22:27:49,741 [Worker-9: Building] INFO  o.e.m.c.i.embedder.EclipseLogger - skip non existing resourceDirectory C:\Users\Romildo\Documents\github-pc\dev-web-3\workspace-dw3\RestAPI\src\test\resources
2022-08-29 22:27:49,743 [Worker-9: Building] INFO  o.e.m.w.i.f.ResourceFilteringBuildParticipant - Changed resources require a complete clean of filtered resources of RestAPI
2022-08-29 22:27:49,744 [Worker-9: Building] INFO  o.e.m.w.i.f.ResourceFilteringBuildParticipant - Executing resource filtering for RestAPI
2022-08-29 22:27:49,805 [Worker-9: Building] INFO  o.e.m.c.i.embedder.EclipseLogger - Using 'UTF-8' encoding to copy filtered resources.
2022-09-03 16:35:12,932 [Worker-8: Loading available Gradle versions] INFO  o.e.b.c.i.u.g.PublishedGradleVersions - Gradle version information cache is out-of-date. Trying to update.
2022-09-03 16:35:18,115 [Worker-1: Building] INFO  o.e.m.c.i.l.LifecycleMappingFactory - Using org.maven.ide.eclipse.wtp.WarLifecycleMapping lifecycle mapping for MavenProject: JerseyLab:JerseyLab:0.0.1-SNAPSHOT @ C:\Users\Romildo\Documents\github-pc\dev-web-3\workspace-dw3\RestAPI\pom.xml.
2022-09-03 16:35:18,115 [Worker-3: Updating Maven Dependencies] INFO  o.e.m.c.i.l.LifecycleMappingFactory - Using org.maven.ide.eclipse.wtp.WarLifecycleMapping lifecycle mapping for MavenProject: JerseyLab:JerseyLab:0.0.1-SNAPSHOT @ C:\Users\Romildo\Documents\github-pc\dev-web-3\workspace-dw3\RestAPI\pom.xml.
2022-09-03 16:35:20,647 [Worker-6: Building] INFO  o.e.m.c.i.embedder.EclipseLogger - Using 'UTF-8' encoding to copy filtered resources.
2022-09-03 16:35:20,648 [Worker-6: Building] INFO  o.e.m.c.i.embedder.EclipseLogger - skip non existing resourceDirectory C:\Users\Romildo\Documents\github-pc\dev-web-3\workspace-dw3\RestAPI\src\main\resources
2022-09-03 16:35:20,793 [Worker-6: Building] INFO  o.e.m.c.i.embedder.EclipseLogger - Using 'UTF-8' encoding to copy filtered resources.
2022-09-03 16:35:20,793 [Worker-6: Building] INFO  o.e.m.c.i.embedder.EclipseLogger - skip non existing resourceDirectory C:\Users\Romildo\Documents\github-pc\dev-web-3\workspace-dw3\RestAPI\src\test\resources
2022-09-03 16:35:20,793 [Worker-11: Updating Maven Dependencies] INFO  o.e.m.c.i.l.LifecycleMappingFactory - Using org.maven.ide.eclipse.wtp.WarLifecycleMapping lifecycle mapping for MavenProject: JerseyLab:JerseyLab:0.0.1-SNAPSHOT @ C:\Users\Romildo\Documents\github-pc\dev-web-3\workspace-dw3\RestAPI\pom.xml.
2022-09-03 16:35:23,496 [Worker-38: Building] INFO  o.e.m.c.i.embedder.EclipseLogger - Using 'UTF-8' encoding to copy filtered resources.
2022-09-03 16:35:23,497 [Worker-38: Building] INFO  o.e.m.c.i.embedder.EclipseLogger - skip non existing resourceDirectory C:\Users\Romildo\Documents\github-pc\dev-web-3\workspace-dw3\RestAPI\src\main\resources
2022-09-03 16:35:23,498 [Worker-38: Building] INFO  o.e.m.c.i.embedder.EclipseLogger - Using 'UTF-8' encoding to copy filtered resources.
2022-09-03 16:35:23,498 [Worker-38: Building] INFO  o.e.m.c.i.embedder.EclipseLogger - skip non existing resourceDirectory C:\Users\Romildo\Documents\github-pc\dev-web-3\workspace-dw3\RestAPI\src\test\resources
2022-09-03 23:54:55,574 [Worker-7: Loading available Gradle versions] INFO  o.e.b.c.i.u.g.PublishedGradleVersions - Gradle version information cache is up-to-date. Trying to read.
2022-09-03 23:58:26,493 [Worker-38: Building] INFO  o.e.m.c.i.embedder.EclipseLogger - Using 'UTF-8' encoding to copy filtered resources.
2022-09-03 23:58:26,494 [Worker-38: Building] INFO  o.e.m.c.i.embedder.EclipseLogger - skip non existing resourceDirectory C:\Users\Romildo\Documents\github-pc\dev-web-3\workspace-dw3\RestAPI\src\main\resources
2022-09-03 23:58:26,496 [Worker-38: Building] INFO  o.e.m.c.i.embedder.EclipseLogger - Using 'UTF-8' encoding to copy filtered resources.
2022-09-03 23:58:26,496 [Worker-38: Building] INFO  o.e.m.c.i.embedder.EclipseLogger - skip non existing resourceDirectory C:\Users\Romildo\Documents\github-pc\dev-web-3\workspace-dw3\RestAPI\src\test\resources
2022-09-04 00:00:54,989 [Worker-41: Building] INFO  o.e.m.c.i.embedder.EclipseLogger - Using 'UTF-8' encoding to copy filtered resources.
2022-09-04 00:00:54,993 [Worker-41: Building] INFO  o.e.m.c.i.embedder.EclipseLogger - skip non existing resourceDirectory C:\Users\Romildo\Documents\github-pc\dev-web-3\workspace-dw3\RestAPI\src\main\resources
2022-09-04 00:00:54,994 [Worker-41: Building] INFO  o.e.m.c.i.embedder.EclipseLogger - Using 'UTF-8' encoding to copy filtered resources.
2022-09-04 00:00:54,994 [Worker-41: Building] INFO  o.e.m.c.i.embedder.EclipseLogger - skip non existing resourceDirectory C:\Users\Romildo\Documents\github-pc\dev-web-3\workspace-dw3\RestAPI\src\test\resources
